25-03-21 05:46 : fichier : \\172.16.2.12\C$\Program Files\EasyPHP-5.3.3\www\GerardRadeCinevent\fct.php : erreur SQL :Array
SELECT GENRE_Lib FROM genre where LAN_Id=fr
26-03-21 02:32 : fichier : C:\Users\Le panda roux\Documents\EasyPHP-5.3.3\www\GerardRadeCinevent\fct.php : erreur SQL :Array
select serv_url from service where serv_id=1
26-03-21 02:38 : fichier : C:\Users\Le panda roux\Documents\EasyPHP-5.3.3\www\GerardRadeCinevent\fct.php : erreur SQL :Array
select serv_url from service where serv_id=1
26-03-21 02:45 : fichier : C:\Users\Le panda roux\Documents\EasyPHP-5.3.3\www\GerardRadeCinevent\fct.php : erreur SQL :Array
select serv_url from service where serv_id=1
26-03-21 02:48 : fichier : C:\Users\Le panda roux\Documents\EasyPHP-5.3.3\www\GerardRadeCinevent\fct.php : erreur SQL :Array
select serv_url from service where serv_id=1
26-03-21 02:49 : fichier : C:\Users\Le panda roux\Documents\EasyPHP-5.3.3\www\GerardRadeCinevent\fct.php : erreur SQL :Array
select serv_url from service where serv_id=1
26-03-21 02:49 : fichier : C:\Users\Le panda roux\Documents\EasyPHP-5.3.3\www\GerardRadeCinevent\fct.php : erreur SQL :Array
select serv_url from service where serv_id=1
26-03-21 03:32 : fichier : C:\Users\Le panda roux\Documents\EasyPHP-5.3.3\www\GerardRadeCinevent\fct.php : erreur SQL :Array
SELECT TITRE_Lib,RES_Txt, FILM_Prix, FILM_Couverture FROM titre,resume,film Where film.FILM_Id = titre.FILM_ID AND titre.LAN_Id= AND film.FILM_Id = resume.FILM_Id AND resume.LAN_Id=
26-03-21 03:35 : fichier : C:\Users\Le panda roux\Documents\EasyPHP-5.3.3\www\GerardRadeCinevent\fct.php : erreur SQL :Array
SELECT TITRE_Lib,RES_Txt, FILM_Prix, FILM_Couverture FROM titre,resume,film Where film.FILM_Id = titre.FILM_ID AND titre.LAN_Id= AND film.FILM_Id = resume.FILM_Id AND resume.LAN_Id=
26-03-21 03:35 : fichier : C:\Users\Le panda roux\Documents\EasyPHP-5.3.3\www\GerardRadeCinevent\fct.php : erreur SQL :Array
SELECT TITRE_Lib,RES_Txt, FILM_Prix, FILM_Couverture FROM titre,resume,film Where film.FILM_Id = titre.FILM_ID AND titre.LAN_Id= AND film.FILM_Id = resume.FILM_Id AND resume.LAN_Id=
26-03-21 03:36 : fichier : C:\Users\Le panda roux\Documents\EasyPHP-5.3.3\www\GerardRadeCinevent\fct.php : erreur SQL :Array
SELECT TITRE_Lib,RES_Txt, FILM_Prix, FILM_Couverture FROM titre,resume,film Where film.FILM_Id = titre.FILM_ID AND titre.LAN_Id= AND film.FILM_Id = resume.FILM_Id AND resume.LAN_Id=
26-03-21 03:36 : fichier : C:\Users\Le panda roux\Documents\EasyPHP-5.3.3\www\GerardRadeCinevent\fct.php : erreur SQL :Array
SELECT TITRE_Lib,RES_Txt, FILM_Prix, FILM_Couverture FROM titre,resume,film Where film.FILM_Id = titre.FILM_ID AND titre.LAN_Id= AND film.FILM_Id = resume.FILM_Id AND resume.LAN_Id=
26-03-21 03:37 : fichier : C:\Users\Le panda roux\Documents\EasyPHP-5.3.3\www\GerardRadeCinevent\fct.php : erreur SQL :Array
SELECT TITRE_Lib,RES_Txt, FILM_Prix, FILM_Couverture FROM titre,resume,film Where film.FILM_Id = titre.FILM_ID AND titre.LAN_Id= AND film.FILM_Id = resume.FILM_Id AND resume.LAN_Id=
26-03-21 03:38 : fichier : C:\Users\Le panda roux\Documents\EasyPHP-5.3.3\www\GerardRadeCinevent\fct.php : erreur SQL :Array
SELECT TITRE_Lib,RES_Txt, FILM_Prix, FILM_Couverture FROM titre,resume,film Where film.FILM_Id = titre.FILM_ID AND titre.LAN_Id= AND film.FILM_Id = resume.FILM_Id AND resume.LAN_Id=
26-03-21 03:40 : fichier : C:\Users\Le panda roux\Documents\EasyPHP-5.3.3\www\GerardRadeCinevent\fct.php : erreur SQL :Array
SELECT TITRE_Lib,RES_Txt, FILM_Prix, FILM_Couverture FROM titre,resume,film Where film.FILM_Id = titre.FILM_ID AND titre.LAN_Id= AND film.FILM_Id = resume.FILM_Id AND resume.LAN_Id=
26-03-21 03:41 : fichier : C:\Users\Le panda roux\Documents\EasyPHP-5.3.3\www\GerardRadeCinevent\fct.php : erreur SQL :Array
SELECT TITRE_Lib,RES_Txt, FILM_Prix, FILM_Couverture FROM titre,resume,film Where film.FILM_Id = titre.FILM_ID AND titre.LAN_Id= AND film.FILM_Id = resume.FILM_Id AND resume.LAN_Id=
26-03-21 03:42 : fichier : C:\Users\Le panda roux\Documents\EasyPHP-5.3.3\www\GerardRadeCinevent\fct.php : erreur SQL :Array
SELECT TITRE_Lib,RES_Txt, FILM_Prix, FILM_Couverture FROM titre,resume,film Where film.FILM_Id = titre.FILM_ID AND titre.LAN_Id= AND film.FILM_Id = resume.FILM_Id AND resume.LAN_Id=
26-03-21 03:42 : fichier : C:\Users\Le panda roux\Documents\EasyPHP-5.3.3\www\GerardRadeCinevent\fct.php : erreur SQL :Array
SELECT TITRE_Lib,RES_Txt, FILM_Prix, FILM_Couverture FROM titre,resume,film Where film.FILM_Id = titre.FILM_ID AND titre.LAN_Id= AND film.FILM_Id = resume.FILM_Id AND resume.LAN_Id=
26-03-21 03:42 : fichier : C:\Users\Le panda roux\Documents\EasyPHP-5.3.3\www\GerardRadeCinevent\fct.php : erreur SQL :Array
SELECT TITRE_Lib,RES_Txt, FILM_Prix, FILM_Couverture FROM titre,resume,film Where film.FILM_Id = titre.FILM_ID AND titre.LAN_Id= AND film.FILM_Id = resume.FILM_Id AND resume.LAN_Id=
26-03-21 03:42 : fichier : C:\Users\Le panda roux\Documents\EasyPHP-5.3.3\www\GerardRadeCinevent\fct.php : erreur SQL :Array
SELECT TITRE_Lib,RES_Txt, FILM_Prix, FILM_Couverture FROM titre,resume,film Where film.FILM_Id = titre.FILM_ID AND titre.LAN_Id= AND film.FILM_Id = resume.FILM_Id AND resume.LAN_Id=
26-03-21 03:48 : fichier : C:\Users\Le panda roux\Documents\EasyPHP-5.3.3\www\GerardRadeCinevent\fct.php : erreur SQL :Array
SELECT TITRE_Lib,RES_Txt, FILM_Prix, FILM_Couverture FROM titre,resume,film Where film.FILM_Id = titre.FILM_ID AND titre.LAN_Id= AND film.FILM_Id = resume.FILM_Id AND resume.LAN_Id=
26-03-21 03:49 : fichier : C:\Users\Le panda roux\Documents\EasyPHP-5.3.3\www\GerardRadeCinevent\fct.php : erreur SQL :Array
SELECT TITRE_Lib,RES_Txt, FILM_Prix, FILM_Couverture FROM titre,resume,film Where film.FILM_Id = titre.FILM_ID AND titre.LAN_Id= AND film.FILM_Id = resume.FILM_Id AND resume.LAN_Id=
26-03-21 03:49 : fichier : C:\Users\Le panda roux\Documents\EasyPHP-5.3.3\www\GerardRadeCinevent\fct.php : erreur SQL :Array
SELECT TITRE_Lib,RES_Txt, FILM_Prix, FILM_Couverture FROM titre,resume,film Where film.FILM_Id = titre.FILM_ID AND titre.LAN_Id= AND film.FILM_Id = resume.FILM_Id AND resume.LAN_Id=
26-03-21 03:50 : fichier : C:\Users\Le panda roux\Documents\EasyPHP-5.3.3\www\GerardRadeCinevent\fct.php : erreur SQL :Array
SELECT TITRE_Lib,RES_Txt, FILM_Prix, FILM_Couverture FROM titre,resume,film Where film.FILM_Id = titre.FILM_ID AND titre.LAN_Id= AND film.FILM_Id = resume.FILM_Id AND resume.LAN_Id=
26-03-21 03:50 : fichier : C:\Users\Le panda roux\Documents\EasyPHP-5.3.3\www\GerardRadeCinevent\fct.php : erreur SQL :Array
SELECT TITRE_Lib,RES_Txt, FILM_Prix, FILM_Couverture FROM titre,resume,film Where film.FILM_Id = titre.FILM_ID AND titre.LAN_Id= AND film.FILM_Id = resume.FILM_Id AND resume.LAN_Id=
26-03-21 03:50 : fichier : C:\Users\Le panda roux\Documents\EasyPHP-5.3.3\www\GerardRadeCinevent\fct.php : erreur SQL :Array
SELECT TITRE_Lib,RES_Txt, FILM_Prix, FILM_Couverture FROM titre,resume,film Where film.FILM_Id = titre.FILM_ID AND titre.LAN_Id= AND film.FILM_Id = resume.FILM_Id AND resume.LAN_Id=
26-03-21 03:51 : fichier : C:\Users\Le panda roux\Documents\EasyPHP-5.3.3\www\GerardRadeCinevent\fct.php : erreur SQL :Array
SELECT TITRE_Lib,RES_Txt, FILM_Prix, FILM_Couverture FROM titre,resume,film Where film.FILM_Id = titre.FILM_ID AND titre.LAN_Id= AND film.FILM_Id = resume.FILM_Id AND resume.LAN_Id=
26-03-21 03:51 : fichier : C:\Users\Le panda roux\Documents\EasyPHP-5.3.3\www\GerardRadeCinevent\fct.php : erreur SQL :Array
SELECT TITRE_Lib,RES_Txt, FILM_Prix, FILM_Couverture FROM titre,resume,film Where film.FILM_Id = titre.FILM_ID AND titre.LAN_Id= AND film.FILM_Id = resume.FILM_Id AND resume.LAN_Id=
26-03-21 03:51 : fichier : C:\Users\Le panda roux\Documents\EasyPHP-5.3.3\www\GerardRadeCinevent\fct.php : erreur SQL :Array
SELECT TITRE_Lib,RES_Txt, FILM_Prix, FILM_Couverture FROM titre,resume,film Where film.FILM_Id = titre.FILM_ID AND titre.LAN_Id= AND film.FILM_Id = resume.FILM_Id AND resume.LAN_Id=
26-03-21 03:53 : fichier : C:\Users\Le panda roux\Documents\EasyPHP-5.3.3\www\GerardRadeCinevent\fct.php : erreur SQL :Array
SELECT TITRE_Lib,RES_Txt, FILM_Prix, FILM_Couverture FROM titre,resume,film Where film.FILM_Id = titre.FILM_ID AND titre.LAN_Id= AND film.FILM_Id = resume.FILM_Id AND resume.LAN_Id=
26-03-21 03:53 : fichier : C:\Users\Le panda roux\Documents\EasyPHP-5.3.3\www\GerardRadeCinevent\fct.php : erreur SQL :Array
SELECT TITRE_Lib,RES_Txt, FILM_Prix, FILM_Couverture FROM titre,resume,film Where film.FILM_Id = titre.FILM_ID AND titre.LAN_Id= AND film.FILM_Id = resume.FILM_Id AND resume.LAN_Id=
26-03-21 03:55 : fichier : C:\Users\Le panda roux\Documents\EasyPHP-5.3.3\www\GerardRadeCinevent\fct.php : erreur SQL :Array
SELECT TITRE_Lib,RES_Txt, FILM_Prix, FILM_Couverture FROM titre,resume,film Where film.FILM_Id = titre.FILM_ID AND titre.LAN_Id= AND film.FILM_Id = resume.FILM_Id AND resume.LAN_Id=
26-03-21 04:07 : fichier : C:\Users\Le panda roux\Documents\EasyPHP-5.3.3\www\GerardRadeCinevent\fct.php : erreur SQL :Array
SELECT TITRE_Lib,RES_Txt, FILM_Prix, FILM_Couverture FROM titre,resume,film Where film.FILM_Id = titre.FILM_ID AND titre.LAN_Id=en AND film.FILM_Id = resume.FILM_Id AND resume.LAN_Id=en
26-03-21 04:08 : fichier : C:\Users\Le panda roux\Documents\EasyPHP-5.3.3\www\GerardRadeCinevent\fct.php : erreur SQL :Array
SELECT TITRE_Lib,RES_Txt, FILM_Prix, FILM_Couverture FROM titre,resume,film Where film.FILM_Id = titre.FILM_ID AND titre.LAN_Id"=en" AND film.FILM_Id = resume.FILM_Id AND resume.LAN_Id="en"
26-03-21 10:50 : fichier : \\172.16.2.12\C$\Program Files\EasyPHP-5.3.3\www\GerardRadeCinevent\fct.php : erreur SQL :Array
select serv_url from service where serv_id=Contact
26-03-21 10:50 : fichier : \\172.16.2.12\C$\Program Files\EasyPHP-5.3.3\www\GerardRadeCinevent\fct.php : erreur SQL :Array
select serv_url from service where serv_id=Contact
26-03-21 11:35 : fichier : \\172.16.2.12\C$\Program Files\EasyPHP-5.3.3\www\GerardRadeCinevent\fct.php : erreur SQL :Array
select serv_url from service where serv_id=APropos.php
26-03-21 11:38 : fichier : \\172.16.2.12\C$\Program Files\EasyPHP-5.3.3\www\GerardRadeCinevent\fct.php : erreur SQL :Array
select serv_url from service where serv_id=APropos.php
26-03-21 11:50 : fichier : \\172.16.2.12\C$\Program Files\EasyPHP-5.3.3\www\GerardRadeCinevent\fct.php : erreur SQL :Array
SELECT service_lib.SERV_Lib, acceder.serv_id FROM service_lib, acceder WHERE LAN_Id=' AND service.serv_id = acceder.idService AND acceder.idProfil
26-03-21 11:52 : fichier : \\172.16.2.12\C$\Program Files\EasyPHP-5.3.3\www\GerardRadeCinevent\fct.php : erreur SQL :Array
SELECT service_lib.SERV_Lib, acceder.serv_id FROM service_lib, acceder WHERE LAN_Id='fr AND service.serv_id = acceder.idService AND acceder.idProfil
26-03-21 11:53 : fichier : \\172.16.2.12\C$\Program Files\EasyPHP-5.3.3\www\GerardRadeCinevent\fct.php : erreur SQL :Array
SELECT service_lib.SERV_Lib, acceder.serv_id FROM service_lib, acceder WHERE LAN_Id='fr AND service.serv_id = acceder.idService AND acceder.idProfil=0
26-03-21 11:53 : fichier : \\172.16.2.12\C$\Program Files\EasyPHP-5.3.3\www\GerardRadeCinevent\fct.php : erreur SQL :Array
SELECT service_lib.SERV_Lib, acceder.serv_id FROM service_lib, acceder WHERE LAN_Id='fr AND service.serv_id = acceder.idService AND acceder.idProfil=0
26-03-21 11:53 : fichier : \\172.16.2.12\C$\Program Files\EasyPHP-5.3.3\www\GerardRadeCinevent\fct.php : erreur SQL :Array
SELECT service_lib.SERV_Lib, acceder.serv_id FROM service_lib, acceder WHERE LAN_Id='fr AND service.serv_id = acceder.idService AND acceder.idProfil=0
26-03-21 11:53 : fichier : \\172.16.2.12\C$\Program Files\EasyPHP-5.3.3\www\GerardRadeCinevent\fct.php : erreur SQL :Array
SELECT service_lib.SERV_Lib, acceder.serv_id FROM service_lib, acceder WHERE LAN_Id='fr AND service.serv_id = acceder.idService AND acceder.idProfil=0
26-03-21 11:53 : fichier : \\172.16.2.12\C$\Program Files\EasyPHP-5.3.3\www\GerardRadeCinevent\fct.php : erreur SQL :Array
SELECT service_lib.SERV_Lib, acceder.serv_id FROM service_lib, acceder WHERE LAN_Id='fr AND service.serv_id = acceder.idService AND acceder.idProfil=0
23-05-21 10:03 : fichier : C:\Users\Le panda roux\Documents\EasyPHP-5.3.3\www\GerardRadeCinevent\fct.php : erreur SQL :Array
SELECT service_lib.SERV_Lib, acceder.idService FROM service_lib, acceder, service WHERE LAN_Id='fr' AND service_lib.SERV_id = service.serv_id AND service.serv_id = acceder.idService AND acceder.idProfil=0
23-05-21 10:03 : fichier : C:\Users\Le panda roux\Documents\EasyPHP-5.3.3\www\GerardRadeCinevent\fct.php : erreur SQL :Array
SELECT service_lib.SERV_Lib, acceder.idService FROM service_lib, acceder, service WHERE LAN_Id='en' AND service_lib.SERV_id = service.serv_id AND service.serv_id = acceder.idService AND acceder.idProfil=0
23-05-21 10:03 : fichier : C:\Users\Le panda roux\Documents\EasyPHP-5.3.3\www\GerardRadeCinevent\fct.php : erreur SQL :Array
SELECT service_lib.SERV_Lib, acceder.idService FROM service_lib, acceder, service WHERE LAN_Id='fr' AND service_lib.SERV_id = service.serv_id AND service.serv_id = acceder.idService AND acceder.idProfil=0
25-05-21 08:51 : fichier : C:\Users\Le panda roux\Documents\EasyPHP-5.3.3\www\GerardRadeCinevent\fct.php : erreur SQL :Array
SELECT service_lib.SERV_Lib, acceder.idService FROM service_lib, acceder, service WHERE LAN_Id='fr' AND service_lib.SERV_id = service.serv_id AND service.serv_id = acceder.idService AND acceder.idProfil=0
01-06-21 12:06 : fichier : C:\Users\Le panda roux\Documents\EasyPHP-5.3.3\www\GerardRadeCinevent\fct.php : erreur SQL :Array
SELECT * FROM utilisateur WHERE mail  = 'gaetangerard@hotmail.fr' AND mdp = 'asmin208'
01-06-21 12:23 : fichier : C:\Users\Le panda roux\Documents\EasyPHP-5.3.3\www\GerardRadeCinevent\fct.php : erreur SQL :Array
insert into panier values(NULL,4,5,'gaetangerard@hotmail.fr');
01-06-21 12:23 : fichier : C:\Users\Le panda roux\Documents\EasyPHP-5.3.3\www\GerardRadeCinevent\fct.php : erreur SQL :Array
insert into panier values(NULL,9,5,'gaetangerard@hotmail.fr');
01-06-21 12:24 : fichier : C:\Users\Le panda roux\Documents\EasyPHP-5.3.3\www\GerardRadeCinevent\fct.php : erreur SQL :Array
insert into panier values(NULL,10,5,'gaetangerard@hotmail.fr');
01-06-21 12:24 : fichier : C:\Users\Le panda roux\Documents\EasyPHP-5.3.3\www\GerardRadeCinevent\fct.php : erreur SQL :Array
insert into panier values(NULL,10,5,'gaetangerard@hotmail.fr');
01-06-21 01:14 : fichier : C:\Users\Le panda roux\Documents\EasyPHP-5.3.3\www\GerardRadeCinevent\fct.php : erreur SQL :Array
INSERT into utilisateur values (SELECT MAX( `USER_Id` )+1 FROM utilisateur),sfsefse','andré','rt@ufs.fr','2021-06-10','123','2')
01-06-21 01:18 : fichier : C:\Users\Le panda roux\Documents\EasyPHP-5.3.3\www\GerardRadeCinevent\fct.php : erreur SQL :Array
INSERT into utilisateur values ((SELECT MAX( `USER_Id` )+1 FROM utilisateur),'sfsefse','andré','rt@ufs.fr','2021-06-10','123','2')
01-06-21 01:22 : fichier : C:\Users\Le panda roux\Documents\EasyPHP-5.3.3\www\GerardRadeCinevent\fct.php : erreur SQL :Array
INSERT into utilisateur values (('SELECT MAX( `USER_Id` )+1 FROM utilisateur)','sfsefse','andré','rt@ufs.fr','2021-06-10','123','2')
01-06-21 01:23 : fichier : C:\Users\Le panda roux\Documents\EasyPHP-5.3.3\www\GerardRadeCinevent\fct.php : erreur SQL :Array
INSERT into utilisateur values (('SELECT MAX( `USER_Id` )+1 FROM utilisateur)','adadawd','awdawdaw','dawdwa','2021-06-03','123','2')
